vvvvvvvvvvvvvvvv /scratch/zl2972/n10000000-np16-fftw-s0.dat vvvvvvvvvvvvvvvv
[Root] Start planning...
[Root] Start loading data...
[Root] FFT starts
[Root] FFT Ends
[Root] Time: 0.113429 s
[Root] Start saving data...
[Root] All done
^^^^^^^^^^^^^^^^ /scratch/zl2972/n10000000-np16-fftw-s0.dat ^^^^^^^^^^^^^^^^

vvvvvvvvvvvvvvvv /scratch/zl2972/n10000000-np16-mpih-s0.dat vvvvvvvvvvvvvvvv
[Root] Start planning...
[Root] Start loading data...
[Root] FFT starts
[Root] FFT Ends
[Root] Time: 1.064144 s
[Root] Start saving data...
[Root] All done
^^^^^^^^^^^^^^^^ /scratch/zl2972/n10000000-np16-mpih-s0.dat ^^^^^^^^^^^^^^^^

======== CMP /scratch/zl2972/n10000000-np16-fftw-s0.dat /scratch/zl2972/n10000000-np16-mpih-s0.dat ========
Error: 0.0018527

vvvvvvvvvvvvvvvv /scratch/zl2972/n10000000-np16-fftw-s1.dat vvvvvvvvvvvvvvvv
[Root] Start planning...
[Root] Start loading data...
[Root] FFT starts
[Root] FFT Ends
[Root] Time: 0.101221 s
[Root] Start saving data...
[Root] All done
^^^^^^^^^^^^^^^^ /scratch/zl2972/n10000000-np16-fftw-s1.dat ^^^^^^^^^^^^^^^^

vvvvvvvvvvvvvvvv /scratch/zl2972/n10000000-np16-mpih-s1.dat vvvvvvvvvvvvvvvv
[Root] Start planning...
[Root] Start loading data...
[Root] FFT starts
[Root] FFT Ends
[Root] Time: 1.002109 s
[Root] Start saving data...
[Root] All done
^^^^^^^^^^^^^^^^ /scratch/zl2972/n10000000-np16-mpih-s1.dat ^^^^^^^^^^^^^^^^

======== CMP /scratch/zl2972/n10000000-np16-fftw-s1.dat /scratch/zl2972/n10000000-np16-mpih-s1.dat ========
Error: 2.06474e-10

