vvvvvvvvvvvvvvvv /scratch/zl2972/n10000019-np1-fftw-s0.dat vvvvvvvvvvvvvvvv
[Root] Start planning...
[Root] Start loading data...
[Root] FFT starts
[Root] FFT Ends
[Root] Time: 3.420651 s
[Root] Start saving data...
[Root] All done
^^^^^^^^^^^^^^^^ /scratch/zl2972/n10000019-np1-fftw-s0.dat ^^^^^^^^^^^^^^^^

vvvvvvvvvvvvvvvv /scratch/zl2972/n10000019-np1-mpih-s0.dat vvvvvvvvvvvvvvvv
[Root] Start planning...
[Root] Start loading data...
[Root] FFT starts
[Root] FFT Ends
[Root] Time: 4.065973 s
[Root] Start saving data...
[Root] All done
^^^^^^^^^^^^^^^^ /scratch/zl2972/n10000019-np1-mpih-s0.dat ^^^^^^^^^^^^^^^^

======== CMP /scratch/zl2972/n10000019-np1-fftw-s0.dat /scratch/zl2972/n10000019-np1-mpih-s0.dat ========
Error: 0.00525766

vvvvvvvvvvvvvvvv /scratch/zl2972/n10000019-np1-fftw-s1.dat vvvvvvvvvvvvvvvv
[Root] Start planning...
[Root] Start loading data...
[Root] FFT starts
[Root] FFT Ends
[Root] Time: 3.454305 s
[Root] Start saving data...
[Root] All done
^^^^^^^^^^^^^^^^ /scratch/zl2972/n10000019-np1-fftw-s1.dat ^^^^^^^^^^^^^^^^

vvvvvvvvvvvvvvvv /scratch/zl2972/n10000019-np1-mpih-s1.dat vvvvvvvvvvvvvvvv
[Root] Start planning...
[Root] Start loading data...
[Root] FFT starts
[Root] FFT Ends
[Root] Time: 4.073420 s
[Root] Start saving data...
[Root] All done
^^^^^^^^^^^^^^^^ /scratch/zl2972/n10000019-np1-mpih-s1.dat ^^^^^^^^^^^^^^^^

======== CMP /scratch/zl2972/n10000019-np1-fftw-s1.dat /scratch/zl2972/n10000019-np1-mpih-s1.dat ========
Error: 5.01996e-10

