vvvvvvvvvvvvvvvv /scratch/zl2972/n10000019-np16-fftw-s0.dat vvvvvvvvvvvvvvvv
[Root] Start planning...
[Root] Start loading data...
[Root] FFT starts
[Root] FFT Ends
[Root] Time: 2.956725 s
[Root] Start saving data...
[Root] All done
^^^^^^^^^^^^^^^^ /scratch/zl2972/n10000019-np16-fftw-s0.dat ^^^^^^^^^^^^^^^^

vvvvvvvvvvvvvvvv /scratch/zl2972/n10000019-np16-mpih-s0.dat vvvvvvvvvvvvvvvv
[Root] Start planning...
[Root] Start loading data...
[Root] FFT starts
[Root] FFT Ends
[Root] Time: 0.848318 s
[Root] Start saving data...
[Root] All done
^^^^^^^^^^^^^^^^ /scratch/zl2972/n10000019-np16-mpih-s0.dat ^^^^^^^^^^^^^^^^

======== CMP /scratch/zl2972/n10000019-np16-fftw-s0.dat /scratch/zl2972/n10000019-np16-mpih-s0.dat ========
Error: 0.00519192

vvvvvvvvvvvvvvvv /scratch/zl2972/n10000019-np16-fftw-s1.dat vvvvvvvvvvvvvvvv
[Root] Start planning...
[Root] Start loading data...
[Root] FFT starts
[Root] FFT Ends
[Root] Time: 2.988047 s
[Root] Start saving data...
[Root] All done
^^^^^^^^^^^^^^^^ /scratch/zl2972/n10000019-np16-fftw-s1.dat ^^^^^^^^^^^^^^^^

vvvvvvvvvvvvvvvv /scratch/zl2972/n10000019-np16-mpih-s1.dat vvvvvvvvvvvvvvvv
[Root] Start planning...
[Root] Start loading data...
[Root] FFT starts
[Root] FFT Ends
[Root] Time: 0.793818 s
[Root] Start saving data...
[Root] All done
^^^^^^^^^^^^^^^^ /scratch/zl2972/n10000019-np16-mpih-s1.dat ^^^^^^^^^^^^^^^^

======== CMP /scratch/zl2972/n10000019-np16-fftw-s1.dat /scratch/zl2972/n10000019-np16-mpih-s1.dat ========
Error: 5.01436e-10

