vvvvvvvvvvvvvvvv /scratch/zl2972/n10000000-np2-fftw-s0.dat vvvvvvvvvvvvvvvv
[Root] Start planning...
[Root] Start loading data...
[Root] FFT starts
[Root] FFT Ends
[Root] Time: 0.480829 s
[Root] Start saving data...
[Root] All done
^^^^^^^^^^^^^^^^ /scratch/zl2972/n10000000-np2-fftw-s0.dat ^^^^^^^^^^^^^^^^

vvvvvvvvvvvvvvvv /scratch/zl2972/n10000000-np2-mpih-s0.dat vvvvvvvvvvvvvvvv
[Root] Start planning...
[Root] Start loading data...
[Root] FFT starts
[Root] FFT Ends
[Root] Time: 2.257103 s
[Root] Start saving data...
[Root] All done
^^^^^^^^^^^^^^^^ /scratch/zl2972/n10000000-np2-mpih-s0.dat ^^^^^^^^^^^^^^^^

======== CMP /scratch/zl2972/n10000000-np2-fftw-s0.dat /scratch/zl2972/n10000000-np2-mpih-s0.dat ========
Error: 0.00209979

vvvvvvvvvvvvvvvv /scratch/zl2972/n10000000-np2-fftw-s1.dat vvvvvvvvvvvvvvvv
[Root] Start planning...
[Root] Start loading data...
[Root] FFT starts
[Root] FFT Ends
[Root] Time: 0.548985 s
[Root] Start saving data...
[Root] All done
^^^^^^^^^^^^^^^^ /scratch/zl2972/n10000000-np2-fftw-s1.dat ^^^^^^^^^^^^^^^^

vvvvvvvvvvvvvvvv /scratch/zl2972/n10000000-np2-mpih-s1.dat vvvvvvvvvvvvvvvv
[Root] Start planning...
[Root] Start loading data...
[Root] FFT starts
[Root] FFT Ends
[Root] Time: 2.292368 s
[Root] Start saving data...
[Root] All done
^^^^^^^^^^^^^^^^ /scratch/zl2972/n10000000-np2-mpih-s1.dat ^^^^^^^^^^^^^^^^

======== CMP /scratch/zl2972/n10000000-np2-fftw-s1.dat /scratch/zl2972/n10000000-np2-mpih-s1.dat ========
Error: 1.9493e-10

